<?xml version="1.0" encoding="UTF-8"?>
<testng-results ignored="0" total="1" passed="1" failed="0" skipped="0">
  <reporter-output>
  </reporter-output>
  <suite started-at="2022-02-03T17:29:21 IST" name="Default suite" finished-at="2022-02-03T17:29:43 IST" duration-ms="21693">
    <groups>
    </groups>
    <test started-at="2022-02-03T17:29:21 IST" name="Default test" finished-at="2022-02-03T17:29:43 IST" duration-ms="21693">
      <class name="jenk1.TC_002ProTest">
        <test-method signature="addLoan1()[pri:0, instance:jenk1.TC_002ProTest@68e965f5]" started-at="2022-02-03T17:29:21 IST" name="addLoan1" finished-at="2022-02-03T17:29:43 IST" duration-ms="21645" status="PASS">
          <reporter-output>
          </reporter-output>
        </test-method> <!-- addLoan1 -->
      </class> <!-- jenk1.TC_002ProTest -->
    </test> <!-- Default test -->
  </suite> <!-- Default suite -->
</testng-results>
